2025-06-24 14:35:42,255 - INFO - SuRL_FixedRL_138424444511408 - Shared experiment log directory: results/2025-06-24_14-35-42/fold0/logs
2025-06-24 14:35:42,255 - INFO - SuRL_FixedRL_138424444511408 - üéØ RL Experiment: 2025-06-24_14-35-42
2025-06-24 14:35:42,255 - INFO - SuRL_FixedRL_138424444511408 - üìÅ Results dir: results/2025-06-24_14-35-42/fold0
2025-06-24 14:35:42,255 - INFO - SuRL_FixedRL_138424444511408 - üöÄ Starting Complete RL Comparison
2025-06-24 14:35:42,255 - INFO - SuRL_FixedRL_138424444511408 - ============================================================
2025-06-24 14:35:42,255 - INFO - SuRL_FixedRL_138424444511408 - üìÇ Loading CholecT50 data...
2025-06-24 14:35:42,255 - INFO - SuRL_FixedRL_138424444511408 -    Training videos: 2
2025-06-24 14:35:42,255 - INFO - SuRL_FixedRL_138424444511408 -    Test videos: 2
2025-06-24 14:35:42,256 - INFO - SuRL_FixedRL_138424444511408 - Loading train data from /home/maxboels/datasets/CholecT50 with fold 0
2025-06-24 14:35:42,654 - INFO - SuRL_FixedRL_138424444511408 - ‚úÖ Loaded metadata: /home/maxboels/datasets/CholecT50/embeddings_train_set/fold0/embeddings_f0_swin_bas_129_phase_complet_phase_transit_prog_prob_action_risk_glob_outcome.csv - Shape: (78968, 156)
2025-06-24 14:35:42,654 - INFO - SuRL_FixedRL_138424444511408 - [Train] Start processing metadata file /home/maxboels/datasets/CholecT50/embeddings_train_set/fold0/embeddings_f0_swin_bas_129_phase_complet_phase_transit_prog_prob_action_risk_glob_outcome.csv
2025-06-24 14:35:42,655 - INFO - SuRL_FixedRL_138424444511408 - [Train] Rewards extraction skipped, using metadata file /home/maxboels/datasets/CholecT50/embeddings_train_set/fold0/embeddings_f0_swin_bas_129_phase_complet_phase_transit_prog_prob_action_risk_glob_outcome.csv
2025-06-24 14:35:42,656 - INFO - SuRL_FixedRL_138424444511408 - [Train] Found 2 videos in metadata file
2025-06-24 14:35:42,656 - INFO - SuRL_FixedRL_138424444511408 - [Train] Loading data for 2 videos
2025-06-24 14:35:42,739 - INFO - SuRL_FixedRL_138424444511408 - ‚úÖ Loaded video VID01: 1734 frames, 1024-dims embeddings
2025-06-24 14:35:42,803 - INFO - SuRL_FixedRL_138424444511408 - ‚úÖ Loaded video VID04: 1523 frames, 1024-dims embeddings
2025-06-24 14:35:42,804 - INFO - SuRL_FixedRL_138424444511408 - üìÇ Loaded 2 videos from train split
2025-06-24 14:35:42,804 - INFO - SuRL_FixedRL_138424444511408 - Loading test data from /home/maxboels/datasets/CholecT50 with fold 0
2025-06-24 14:35:42,884 - INFO - SuRL_FixedRL_138424444511408 - ‚úÖ Loaded metadata: /home/maxboels/datasets/CholecT50/embeddings_test_set/fold0/embeddings_f0_swin_bas_129_phase_complet_phase_transit_prog_prob_action_risk_glob_outcome.csv - Shape: (21895, 156)
2025-06-24 14:35:42,884 - INFO - SuRL_FixedRL_138424444511408 - [Test] Start processing metadata file /home/maxboels/datasets/CholecT50/embeddings_test_set/fold0/embeddings_f0_swin_bas_129_phase_complet_phase_transit_prog_prob_action_risk_glob_outcome.csv
2025-06-24 14:35:42,884 - INFO - SuRL_FixedRL_138424444511408 - [Test] Rewards extraction skipped, using metadata file /home/maxboels/datasets/CholecT50/embeddings_test_set/fold0/embeddings_f0_swin_bas_129_phase_complet_phase_transit_prog_prob_action_risk_glob_outcome.csv
2025-06-24 14:35:42,885 - INFO - SuRL_FixedRL_138424444511408 - [Test] Found 2 videos in metadata file
2025-06-24 14:35:42,885 - INFO - SuRL_FixedRL_138424444511408 - [Test] Loading data for 2 videos
2025-06-24 14:35:42,994 - INFO - SuRL_FixedRL_138424444511408 - ‚úÖ Loaded video VID02: 2840 frames, 1024-dims embeddings
2025-06-24 14:35:43,077 - INFO - SuRL_FixedRL_138424444511408 - ‚úÖ Loaded video VID06: 2154 frames, 1024-dims embeddings
2025-06-24 14:35:43,077 - INFO - SuRL_FixedRL_138424444511408 - üìÇ Loaded 2 videos from test split
2025-06-24 14:35:43,078 - INFO - SuRL_FixedRL_138424444511408 - ‚úÖ Data loaded successfully
2025-06-24 14:35:43,078 - INFO - SuRL_FixedRL_138424444511408 -    Training videos: 2
2025-06-24 14:35:43,078 - INFO - SuRL_FixedRL_138424444511408 -    Test videos: 2
2025-06-24 14:35:43,078 - INFO - SuRL_FixedRL_138424444511408 - üéì Running Method 1: Autoregressive IL
2025-06-24 14:35:43,078 - INFO - SuRL_FixedRL_138424444511408 - üéì Method 1: Autoregressive IL
2025-06-24 14:35:43,078 - INFO - SuRL_FixedRL_138424444511408 - ----------------------------------------
2025-06-24 14:35:43,078 - INFO - SuRL_FixedRL_138424444511408 - üèãÔ∏è Training IL model from scratch...
2025-06-24 14:36:02,192 - INFO - SuRL_FixedRL_138424444511408 - üéì Autoregressive IL Trainer initialized (FINAL)
2025-06-24 14:36:02,193 - INFO - SuRL_FixedRL_138424444511408 -    Device: cuda
2025-06-24 14:36:02,193 - INFO - SuRL_FixedRL_138424444511408 -    Epochs: 2
2025-06-24 14:36:02,193 - INFO - SuRL_FixedRL_138424444511408 -    Learning rate: 3e-05
2025-06-24 14:36:02,193 - INFO - SuRL_FixedRL_138424444511408 -    ‚úÖ Per-video aggregation + shared metrics + efficient validation
2025-06-24 14:36:02,193 - INFO - SuRL_FixedRL_138424444511408 - üìä Evaluating Autoregressive IL model...
2025-06-24 14:36:02,193 - INFO - SuRL_FixedRL_138424444511408 - üìä Evaluating Autoregressive IL Model with Planning Assessment...
2025-06-24 14:36:13,012 - ERROR - SuRL_FixedRL_138424444511408 - ‚ùå Method 1 failed: DataLoader worker (pid(s) 57844) exited unexpectedly
2025-06-24 14:36:13,018 - ERROR - SuRL_FixedRL_138424444511408 - Full traceback: Traceback (most recent call last):
  File "/home/maxboels/.venv/lib/python3.12/site-packages/torch/utils/data/dataloader.py", line 1243, in _try_get_data
    data = self._data_queue.get(timeout=timeout)
           ^^^^^^^^^^^^^^^^^^^^^^^^^^^^^^^^^^^^^
  File "/usr/lib/python3.12/queue.py", line 180, in get
    self.not_empty.wait(remaining)
  File "/usr/lib/python3.12/threading.py", line 359, in wait
    gotit = waiter.acquire(True, timeout)
            ^^^^^^^^^^^^^^^^^^^^^^^^^^^^^
  File "/home/maxboels/.venv/lib/python3.12/site-packages/torch/utils/data/_utils/signal_handling.py", line 73, in handler
    _error_if_any_worker_fails()
RuntimeError: DataLoader worker (pid 57844) exited unexpectedly with exit code 1. Details are lost due to multiprocessing. Rerunning with num_workers=0 may give better error trace.

The above exception was the direct cause of the following exception:

Traceback (most recent call last):
  File "/home/maxboels/projects/surl/run_experiment_v7.py", line 233, in _run_method1_autoregressive_il
    evaluation_results = trainer.evaluate_model(test_loaders)
                         ^^^^^^^^^^^^^^^^^^^^^^^^^^^^^^^^^^^^
  File "/home/maxboels/projects/surl/training/autoregressive_il_trainer.py", line 589, in evaluate_model
    evaluate_results = self._validate_epoch_per_video_with_planning(
                       ^^^^^^^^^^^^^^^^^^^^^^^^^^^^^^^^^^^^^^^^^^^^^
  File "/home/maxboels/projects/surl/training/autoregressive_il_trainer.py", line 722, in _validate_epoch_per_video_with_planning
    standard_metrics = self._validate_epoch_per_video(test_loaders, epoch)
                       ^^^^^^^^^^^^^^^^^^^^^^^^^^^^^^^^^^^^^^^^^^^^^^^^^^^
  File "/home/maxboels/projects/surl/training/autoregressive_il_trainer.py", line 331, in _validate_epoch_per_video
    for batch in tqdm(test_loader, desc=f"Validating {video_id}", leave=False):
  File "/home/maxboels/.venv/lib/python3.12/site-packages/tqdm/std.py", line 1181, in __iter__
    for obj in iterable:
  File "/home/maxboels/.venv/lib/python3.12/site-packages/torch/utils/data/dataloader.py", line 701, in __next__
    data = self._next_data()
           ^^^^^^^^^^^^^^^^^
  File "/home/maxboels/.venv/lib/python3.12/site-packages/torch/utils/data/dataloader.py", line 1448, in _next_data
    idx, data = self._get_data()
                ^^^^^^^^^^^^^^^^
  File "/home/maxboels/.venv/lib/python3.12/site-packages/torch/utils/data/dataloader.py", line 1402, in _get_data
    success, data = self._try_get_data()
                    ^^^^^^^^^^^^^^^^^^^^
  File "/home/maxboels/.venv/lib/python3.12/site-packages/torch/utils/data/dataloader.py", line 1256, in _try_get_data
    raise RuntimeError(
RuntimeError: DataLoader worker (pid(s) 57844) exited unexpectedly

2025-06-24 14:36:13,018 - INFO - SuRL_FixedRL_138424444511408 - üåç Method 2: Conditional World Model + RL is disable
2025-06-24 14:36:13,018 - INFO - SuRL_FixedRL_138424444511408 - üìπ Method 3: Direct Video RL is disabled in config
2025-06-24 14:36:13,018 - ERROR - SuRL_FixedRL_138424444511408 - ‚ùå No test loaders available for evaluation
