2025-07-02 11:23:26,265 - INFO - SuRL_FixedRL_140106262687584 - Shared experiment log directory: results/2025-07-02_11-23-26/fold0/logs
2025-07-02 11:23:26,266 - INFO - SuRL_FixedRL_140106262687584 - üéØ RL Experiment: 2025-07-02_11-23-26
2025-07-02 11:23:26,266 - INFO - SuRL_FixedRL_140106262687584 - üìÅ Results dir: results/2025-07-02_11-23-26/fold0
2025-07-02 11:23:26,266 - INFO - SuRL_FixedRL_140106262687584 - üìÇ Plots dir: results/2025-07-02_11-23-26/fold0/publication_plots
2025-07-02 11:23:26,266 - INFO - SuRL_FixedRL_140106262687584 - üöÄ Starting Complete RL Comparison
2025-07-02 11:23:26,266 - INFO - SuRL_FixedRL_140106262687584 - ============================================================
2025-07-02 11:23:26,266 - INFO - SuRL_FixedRL_140106262687584 - üìÇ Loading CholecT50 data...
2025-07-02 11:23:26,266 - INFO - SuRL_FixedRL_140106262687584 -    Training videos: 2
2025-07-02 11:23:26,266 - INFO - SuRL_FixedRL_140106262687584 -    Test videos: 2
2025-07-02 11:23:26,266 - INFO - SuRL_FixedRL_140106262687584 - ‚úÖ Using data directory: /home/maxboels/datasets/CholecT50
2025-07-02 11:23:26,266 - INFO - SuRL_FixedRL_140106262687584 - Loading train data from /home/maxboels/datasets/CholecT50 with fold 0
2025-07-02 11:23:26,672 - INFO - SuRL_FixedRL_140106262687584 - ‚úÖ Loaded metadata: /home/maxboels/datasets/CholecT50/embeddings_train_set/fold0/embeddings_f0_swin_bas_129_phase_complet_phase_transit_prog_prob_action_risk_glob_outcome.csv - Shape: (78968, 156)
2025-07-02 11:23:26,672 - INFO - SuRL_FixedRL_140106262687584 - [Train] Start processing metadata file /home/maxboels/datasets/CholecT50/embeddings_train_set/fold0/embeddings_f0_swin_bas_129_phase_complet_phase_transit_prog_prob_action_risk_glob_outcome.csv
2025-07-02 11:23:26,673 - INFO - SuRL_FixedRL_140106262687584 - [Train] Rewards extraction skipped, using metadata file /home/maxboels/datasets/CholecT50/embeddings_train_set/fold0/embeddings_f0_swin_bas_129_phase_complet_phase_transit_prog_prob_action_risk_glob_outcome.csv
2025-07-02 11:23:26,674 - INFO - SuRL_FixedRL_140106262687584 - [Train] Found 2 videos in metadata file
2025-07-02 11:23:26,674 - INFO - SuRL_FixedRL_140106262687584 - [Train] Loading data for 2 videos
2025-07-02 11:23:26,752 - INFO - SuRL_FixedRL_140106262687584 - ‚úÖ Loaded video VID01: 1734 frames, 1024-dims embeddings
2025-07-02 11:23:26,819 - INFO - SuRL_FixedRL_140106262687584 - ‚úÖ Loaded video VID04: 1523 frames, 1024-dims embeddings
2025-07-02 11:23:26,819 - INFO - SuRL_FixedRL_140106262687584 - üìÇ Loaded 2 videos from train split
2025-07-02 11:23:26,819 - INFO - SuRL_FixedRL_140106262687584 - ‚úÖ Using data directory: /home/maxboels/datasets/CholecT50
2025-07-02 11:23:26,819 - INFO - SuRL_FixedRL_140106262687584 - Loading test data from /home/maxboels/datasets/CholecT50 with fold 0
2025-07-02 11:23:26,897 - INFO - SuRL_FixedRL_140106262687584 - ‚úÖ Loaded metadata: /home/maxboels/datasets/CholecT50/embeddings_test_set/fold0/embeddings_f0_swin_bas_129_phase_complet_phase_transit_prog_prob_action_risk_glob_outcome.csv - Shape: (21895, 156)
2025-07-02 11:23:26,897 - INFO - SuRL_FixedRL_140106262687584 - [Test] Start processing metadata file /home/maxboels/datasets/CholecT50/embeddings_test_set/fold0/embeddings_f0_swin_bas_129_phase_complet_phase_transit_prog_prob_action_risk_glob_outcome.csv
2025-07-02 11:23:26,898 - INFO - SuRL_FixedRL_140106262687584 - [Test] Rewards extraction skipped, using metadata file /home/maxboels/datasets/CholecT50/embeddings_test_set/fold0/embeddings_f0_swin_bas_129_phase_complet_phase_transit_prog_prob_action_risk_glob_outcome.csv
2025-07-02 11:23:26,898 - INFO - SuRL_FixedRL_140106262687584 - [Test] Found 2 videos in metadata file
2025-07-02 11:23:26,898 - INFO - SuRL_FixedRL_140106262687584 - [Test] Loading data for 2 videos
2025-07-02 11:23:27,013 - INFO - SuRL_FixedRL_140106262687584 - ‚úÖ Loaded video VID02: 2840 frames, 1024-dims embeddings
2025-07-02 11:23:27,100 - INFO - SuRL_FixedRL_140106262687584 - ‚úÖ Loaded video VID06: 2154 frames, 1024-dims embeddings
2025-07-02 11:23:27,100 - INFO - SuRL_FixedRL_140106262687584 - üìÇ Loaded 2 videos from test split
2025-07-02 11:23:27,100 - INFO - SuRL_FixedRL_140106262687584 - ‚úÖ Data loaded successfully
2025-07-02 11:23:27,100 - INFO - SuRL_FixedRL_140106262687584 -    Training videos: 2
2025-07-02 11:23:27,100 - INFO - SuRL_FixedRL_140106262687584 -    Test videos: 2
2025-07-02 11:23:27,100 - INFO - SuRL_FixedRL_140106262687584 - üéì Method 1: Autoregressive IL is disabled, skipping...
2025-07-02 11:23:27,100 - INFO - SuRL_FixedRL_140106262687584 - üåç Method 2: Conditional World Model + RL is disabled, skipping...
2025-07-02 11:23:27,100 - INFO - SuRL_FixedRL_140106262687584 - üìπ Method 3: Direct Video RL is disabled, skipping...
2025-07-02 11:23:27,100 - INFO - SuRL_FixedRL_140106262687584 - üéØ Running Method 4: IRL Enhancement
2025-07-02 11:23:27,100 - INFO - SuRL_FixedRL_140106262687584 - üéØ Method 4: IRL Enhancement for Next Action Prediction
2025-07-02 11:23:27,100 - INFO - SuRL_FixedRL_140106262687584 -    Matching AutoregressiveIL temporal structure and task definition
2025-07-02 11:23:27,100 - INFO - SuRL_FixedRL_140106262687584 - ----------------------------------------
2025-07-02 11:23:27,271 - INFO - SuRL_FixedRL_140106262687584 - üìÇ Loaded IL model from: best_checkpoints/autoregressive_il_best_combined_epoch_8.pt
2025-07-02 11:23:27,276 - INFO - SuRL_FixedRL_140106262687584 - üéØ Training IRL for Next Action Prediction (Matching IL Approach)
2025-07-02 11:23:27,452 - INFO - SuRL_FixedRL_140106262687584 - üéØ Training IRL for Next Action Prediction (2 epochs)
2025-07-02 11:23:27,452 - INFO - SuRL_FixedRL_140106262687584 -    Training batches per epoch: 346
2025-07-02 11:23:27,452 - INFO - SuRL_FixedRL_140106262687584 -    Task: Learn rewards for next_action(t+1) predictions
2025-07-02 11:23:33,525 - INFO - SuRL_FixedRL_140106262687584 - Epoch 1 completed: Avg Loss = 1.9871
2025-07-02 11:23:39,608 - INFO - SuRL_FixedRL_140106262687584 - Epoch 2 completed: Avg Loss = 1.5903
2025-07-02 11:23:39,608 - INFO - SuRL_FixedRL_140106262687584 - üéÆ Training policy adjustment for next action prediction...
2025-07-02 11:23:39,608 - INFO - SuRL_FixedRL_140106262687584 - üéÆ Training Policy Adjustment for Next Action Prediction
2025-07-02 11:23:46,225 - INFO - SuRL_FixedRL_140106262687584 - Policy epoch 1: Next Action Loss = -0.6223
2025-07-02 11:23:52,908 - INFO - SuRL_FixedRL_140106262687584 - Policy epoch 2: Next Action Loss = -0.6258
2025-07-02 11:23:52,909 - INFO - SuRL_FixedRL_140106262687584 - ‚úÖ IRL Next Action Prediction training completed
2025-07-02 11:24:14,708 - ERROR - SuRL_FixedRL_140106262687584 - ‚ùå Method 4 IRL Next Action failed: '>' not supported between instances of 'list' and 'float'
2025-07-02 11:24:14,711 - ERROR - SuRL_FixedRL_140106262687584 - Full traceback: Traceback (most recent call last):
  File "/home/maxboels/projects/surl/training/irl_next_action_trainer.py", line 359, in _calculate_map
    pred_np = predictions.detach().cpu().numpy()
              ^^^^^^^^^^^^^^^^^^
AttributeError: 'list' object has no attribute 'detach'

During handling of the above exception, another exception occurred:

Traceback (most recent call last):
  File "/home/maxboels/projects/surl/run_experiment_v8.py", line 603, in _run_method4_irl_enhancement
    irl_results = train_irl_next_action_prediction(
                  ^^^^^^^^^^^^^^^^^^^^^^^^^^^^^^^^^
  File "/home/maxboels/projects/surl/training/irl_next_action_trainer.py", line 579, in train_irl_next_action_prediction
    evaluation_results = trainer.evaluate_next_action_prediction(test_loaders)
                         ^^^^^^^^^^^^^^^^^^^^^^^^^^^^^^^^^^^^^^^^^^^^^^^^^^^^^
  File "/home/maxboels/projects/surl/training/irl_next_action_trainer.py", line 316, in evaluate_next_action_prediction
    il_score = self._calculate_map(il_next_predictions, target_next_actions)
               ^^^^^^^^^^^^^^^^^^^^^^^^^^^^^^^^^^^^^^^^^^^^^^^^^^^^^^^^^^^^^
  File "/home/maxboels/projects/surl/training/irl_next_action_trainer.py", line 376, in _calculate_map
    pred_binary = (predictions > 0.5).float()
                   ^^^^^^^^^^^^^^^^^
TypeError: '>' not supported between instances of 'list' and 'float'

2025-07-02 11:24:14,711 - ERROR - SuRL_FixedRL_140106262687584 - ‚ùå No test loaders available for evaluation
